#
# There is insufficient memory for the Java Runtime Environment to continue.
# Native memory allocation (malloc) failed to allocate 315536 bytes. Error detail: Chunk::new
# Possible reasons:
#   The system is out of physical RAM or swap space
#   This process is running with CompressedOops enabled, and the Java Heap may be blocking the growth of the native heap
# Possible solutions:
#   Reduce memory load on the system
#   Increase physical memory or swap space
#   Check if swap backing store is full
#   Decrease Java heap size (-Xmx/-Xms)
#   Decrease number of Java threads
#   Decrease Java thread stack sizes (-Xss)
#   Set larger code cache with -XX:ReservedCodeCacheSize=
#   JVM is running with Unscaled Compressed Oops mode in which the Java heap is
#     placed in the first 4GB address space. The Java Heap base address is the
#     maximum limit for the native heap growth. Please use -XX:HeapBaseMinAddress
#     to set the Java Heap base and to place the Java Heap above 4GB virtual address.
# This output file may be truncated or incomplete.
#
#  Out of Memory Error (arena.cpp:168), pid=5004, tid=1492
#
# JRE version: OpenJDK Runtime Environment (21.0.7) (build 21.0.7+-13880790-b1038.58)
# Java VM: OpenJDK 64-Bit Server VM (21.0.7+-13880790-b1038.58, mixed mode, tiered, compressed oops, compressed class ptrs, g1 gc, windows-amd64)
# No core dump will be written. Minidumps are not enabled by default on client versions of Windows
#

---------------  S U M M A R Y ------------

Command Line: --add-opens=java.base/java.lang=ALL-UNNAMED --add-opens=java.base/java.lang.invoke=ALL-UNNAMED --add-opens=java.base/java.util=ALL-UNNAMED --add-opens=java.prefs/java.util.prefs=ALL-UNNAMED --add-exports=jdk.compiler/com.sun.tools.javac.api=ALL-UNNAMED --add-exports=jdk.compiler/com.sun.tools.javac.util=ALL-UNNAMED --add-opens=java.base/java.util=ALL-UNNAMED --add-opens=java.prefs/java.util.prefs=ALL-UNNAMED --add-opens=java.base/java.nio.charset=ALL-UNNAMED --add-opens=java.base/java.net=ALL-UNNAMED --add-opens=java.base/java.util.concurrent.atomic=ALL-UNNAMED --add-opens=java.xml/javax.xml.namespace=ALL-UNNAMED -Xmx2048m -Dfile.encoding=UTF-8 -Duser.country=RU -Duser.language=ru -Duser.variant -javaagent:C:\Users\User7118\.gradle\wrapper\dists\gradle-8.14.3-bin\cv11ve7ro1n3o1j4so8xd9n66\gradle-8.14.3\lib\agents\gradle-instrumentation-agent-8.14.3.jar org.gradle.launcher.daemon.bootstrap.GradleDaemon 8.14.3

Host: Intel(R) Core(TM) i7-10510U CPU @ 1.80GHz, 8 cores, 7G,  Windows 10 , 64 bit Build 19041 (10.0.19041.5915)
Time: Thu Nov 27 12:08:12 2025 RTZ 6 (s 10 , 64 bit Build 19041 (10.0.19041.5915) elapsed time: 14.442986 seconds (0d 0h 0m 14s)

---------------  T H R E A D  ---------------

Current thread (0x0000018652078dd0):  JavaThread "C2 CompilerThread0" daemon [_thread_in_native, id=1492, stack(0x00000011ab300000,0x00000011ab400000) (1024K)]


Current CompileTask:
C2:14443 4973       4       java.lang.invoke.MethodType::makeImpl (109 bytes)

Stack: [0x00000011ab300000,0x00000011ab400000]
Native frames: (J=compiled Java code, j=interpreted, Vv=VM code, C=native code)
V  [jvm.dll+0x6d25c9]
V  [jvm.dll+0x860923]
V  [jvm.dll+0x862e7e]
V  [jvm.dll+0x863563]
V  [jvm.dll+0x27f156]
V  [jvm.dll+0xc002d]
V  [jvm.dll+0xc0563]
V  [jvm.dll+0x5dc945]
V  [jvm.dll+0x382c56]
V  [jvm.dll+0x38209a]
V  [jvm.dll+0x247e72]
V  [jvm.dll+0x247441]
V  [jvm.dll+0x1c5fb4]
V  [jvm.dll+0x256bac]
V  [jvm.dll+0x2550f6]
V  [jvm.dll+0x3f1d16]
V  [jvm.dll+0x808d08]
V  [jvm.dll+0x6d0e1d]
C  [ucrtbase.dll+0x21bb2]
C  [KERNEL32.DLL+0x17374]
C  [ntdll.dll+0x4cc91]


---------------  P R O C E S S  ---------------

Threads class SMR info:
_java_thread_list=0x0000018657aa4a90, length=47, elements={
0x00000186342b2800, 0x0000018652040440, 0x0000018652044180, 0x0000018652044be0,
0x0000018652075500, 0x0000018652075b70, 0x00000186520765d0, 0x0000018652077030,
0x0000018652078dd0, 0x0000018652079870, 0x000001865234c7b0, 0x0000018653d66ac0,
0x0000018653685140, 0x00000186526976b0, 0x00000186541f0190, 0x00000186541f0800,
0x0000018653fd48b0, 0x0000018653fd4f20, 0x0000018653ec10d0, 0x0000018653ebfd20,
0x0000018653ec03b0, 0x0000018653ebf000, 0x0000018653ec0a40, 0x0000018653ebf690,
0x0000018653ec1df0, 0x0000018653ec2480, 0x00000186540bccd0, 0x00000186540ba570,
0x00000186540be080, 0x00000186540b7e10, 0x00000186540b8b30, 0x00000186540bd9f0,
0x00000186540b7780, 0x0000018656d53cd0, 0x00000186540b9850, 0x00000186540b70f0,
0x00000186540b84a0, 0x00000186540b91c0, 0x00000186540b9ee0, 0x00000186540bb920,
0x00000186540bac00, 0x00000186540bbfb0, 0x00000186540bb290, 0x00000186540bc640,
0x0000018655496cc0, 0x0000018655495fa0, 0x0000018655493840
}

Java Threads: ( => current thread )
  0x00000186342b2800 JavaThread "main"                              [_thread_blocked, id=12568, stack(0x00000011aa400000,0x00000011aa500000) (1024K)]
  0x0000018652040440 JavaThread "Common-Cleaner"             daemon [_thread_blocked, id=1924, stack(0x00000011aac00000,0x00000011aad00000) (1024K)]
  0x0000018652044180 JavaThread "Reference Handler"          daemon [_thread_blocked, id=9956, stack(0x00000011aad00000,0x00000011aae00000) (1024K)]
  0x0000018652044be0 JavaThread "Finalizer"                  daemon [_thread_blocked, id=12072, stack(0x00000011aae00000,0x00000011aaf00000) (1024K)]
  0x0000018652075500 JavaThread "Signal Dispatcher"          daemon [_thread_blocked, id=11748, stack(0x00000011aaf00000,0x00000011ab000000) (1024K)]
  0x0000018652075b70 JavaThread "Attach Listener"            daemon [_thread_blocked, id=15216, stack(0x00000011ab000000,0x00000011ab100000) (1024K)]
  0x00000186520765d0 JavaThread "Service Thread"             daemon [_thread_blocked, id=14952, stack(0x00000011ab100000,0x00000011ab200000) (1024K)]
  0x0000018652077030 JavaThread "Monitor Deflation Thread"   daemon [_thread_blocked, id=1496, stack(0x00000011ab200000,0x00000011ab300000) (1024K)]
=>0x0000018652078dd0 JavaThread "C2 CompilerThread0"         daemon [_thread_in_native, id=1492, stack(0x00000011ab300000,0x00000011ab400000) (1024K)]
  0x0000018652079870 JavaThread "C1 CompilerThread0"         daemon [_thread_blocked, id=1552, stack(0x00000011ab400000,0x00000011ab500000) (1024K)]
  0x000001865234c7b0 JavaThread "Notification Thread"        daemon [_thread_blocked, id=10000, stack(0x00000011ab500000,0x00000011ab600000) (1024K)]
  0x0000018653d66ac0 JavaThread "Daemon health stats"               [_thread_blocked, id=4368, stack(0x00000011abb00000,0x00000011abc00000) (1024K)]
  0x0000018653685140 JavaThread "Incoming local TCP Connector on port 50341"        [_thread_in_native, id=11224, stack(0x00000011abc00000,0x00000011abd00000) (1024K)]
  0x00000186526976b0 JavaThread "Daemon periodic checks"            [_thread_blocked, id=9952, stack(0x00000011abd00000,0x00000011abe00000) (1024K)]
  0x00000186541f0190 JavaThread "Daemon"                            [_thread_blocked, id=9948, stack(0x00000011abe00000,0x00000011abf00000) (1024K)]
  0x00000186541f0800 JavaThread "Handler for socket connection from /127.0.0.1:50341 to /127.0.0.1:50342"        [_thread_in_native, id=15208, stack(0x00000011abf00000,0x00000011ac000000) (1024K)]
  0x0000018653fd48b0 JavaThread "Cancel handler"                    [_thread_blocked, id=12100, stack(0x00000011ac000000,0x00000011ac100000) (1024K)]
  0x0000018653fd4f20 JavaThread "Daemon worker"                     [_thread_in_Java, id=9984, stack(0x00000011ac100000,0x00000011ac200000) (1024K)]
  0x0000018653ec10d0 JavaThread "Asynchronous log dispatcher for DefaultDaemonConnection: socket connection from /127.0.0.1:50341 to /127.0.0.1:50342"        [_thread_blocked, id=12136, stack(0x00000011ac500000,0x00000011ac600000) (1024K)]
  0x0000018653ebfd20 JavaThread "Stdin handler"                     [_thread_blocked, id=11764, stack(0x00000011ac600000,0x00000011ac700000) (1024K)]
  0x0000018653ec03b0 JavaThread "Daemon client event forwarder"        [_thread_blocked, id=11616, stack(0x00000011ac700000,0x00000011ac800000) (1024K)]
  0x0000018653ebf000 JavaThread "Cache worker for journal cache (C:\Users\User7118\.gradle\caches\journal-1)"        [_thread_blocked, id=3480, stack(0x00000011aba00000,0x00000011abb00000) (1024K)]
  0x0000018653ec0a40 JavaThread "File lock request listener"        [_thread_in_native, id=13988, stack(0x00000011ac900000,0x00000011aca00000) (1024K)]
  0x0000018653ebf690 JavaThread "Cache worker for file hash cache (C:\Users\User7118\.gradle\caches\8.14.3\fileHashes)"        [_thread_blocked, id=1504, stack(0x00000011aca00000,0x00000011acb00000) (1024K)]
  0x0000018653ec1df0 JavaThread "Cache worker for file hash cache (C:\Users\User7118\Desktop\WH\SUPPLIER_CONTINENT4-master\.gradle\8.14.3\fileHashes)"        [_thread_blocked, id=14524, stack(0x00000011acd00000,0x00000011ace00000) (1024K)]
  0x0000018653ec2480 JavaThread "Cache worker for Build Output Cleanup Cache (C:\Users\User7118\Desktop\WH\SUPPLIER_CONTINENT4-master\.gradle\buildOutputCleanup)"        [_thread_blocked, id=14760, stack(0x00000011ace00000,0x00000011acf00000) (1024K)]
  0x00000186540bccd0 JavaThread "File watcher server"        daemon [_thread_in_native, id=12248, stack(0x00000011acf00000,0x00000011ad000000) (1024K)]
  0x00000186540ba570 JavaThread "File watcher consumer"      daemon [_thread_blocked, id=15228, stack(0x00000011ad000000,0x00000011ad100000) (1024K)]
  0x00000186540be080 JavaThread "jar transforms"                    [_thread_blocked, id=14920, stack(0x00000011ad100000,0x00000011ad200000) (1024K)]
  0x00000186540b7e10 JavaThread "jar transforms Thread 2"           [_thread_blocked, id=8844, stack(0x00000011ad200000,0x00000011ad300000) (1024K)]
  0x00000186540b8b30 JavaThread "Cache worker for checksums cache (C:\Users\User7118\Desktop\WH\SUPPLIER_CONTINENT4-master\.gradle\8.14.3\checksums)"        [_thread_blocked, id=14936, stack(0x00000011ad300000,0x00000011ad400000) (1024K)]
  0x00000186540bd9f0 JavaThread "Cache worker for file content cache (C:\Users\User7118\.gradle\caches\8.14.3\fileContent)"        [_thread_blocked, id=8376, stack(0x00000011ad400000,0x00000011ad500000) (1024K)]
  0x00000186540b7780 JavaThread "jar transforms Thread 3"           [_thread_blocked, id=8908, stack(0x00000011acb00000,0x00000011acc00000) (1024K)]
  0x0000018656d53cd0 JavaThread "C2 CompilerThread1"         daemon [_thread_in_native, id=15132, stack(0x00000011acc00000,0x00000011acd00000) (1024K)]
  0x00000186540b9850 JavaThread "Cache worker for cache directory md-supplier (C:\Users\User7118\.gradle\caches\8.14.3\md-supplier)"        [_thread_blocked, id=9756, stack(0x00000011ad500000,0x00000011ad600000) (1024K)]
  0x00000186540b70f0 JavaThread "Cache worker for cache directory md-rule (C:\Users\User7118\.gradle\caches\8.14.3\md-rule)"        [_thread_blocked, id=11904, stack(0x00000011ad600000,0x00000011ad700000) (1024K)]
  0x00000186540b84a0 JavaThread "Unconstrained build operations"        [_thread_blocked, id=14736, stack(0x00000011ad700000,0x00000011ad800000) (1024K)]
  0x00000186540b91c0 JavaThread "Unconstrained build operations Thread 2"        [_thread_blocked, id=14956, stack(0x00000011ad800000,0x00000011ad900000) (1024K)]
  0x00000186540b9ee0 JavaThread "Unconstrained build operations Thread 3"        [_thread_blocked, id=14684, stack(0x00000011ad900000,0x00000011ada00000) (1024K)]
  0x00000186540bb920 JavaThread "Unconstrained build operations Thread 4"        [_thread_blocked, id=11732, stack(0x00000011ada00000,0x00000011adb00000) (1024K)]
  0x00000186540bac00 JavaThread "Unconstrained build operations Thread 5"        [_thread_blocked, id=11456, stack(0x00000011adb00000,0x00000011adc00000) (1024K)]
  0x00000186540bbfb0 JavaThread "Unconstrained build operations Thread 6"        [_thread_blocked, id=1156, stack(0x00000011adc00000,0x00000011add00000) (1024K)]
  0x00000186540bb290 JavaThread "Unconstrained build operations Thread 7"        [_thread_blocked, id=11368, stack(0x00000011add00000,0x00000011ade00000) (1024K)]
  0x00000186540bc640 JavaThread "Unconstrained build operations Thread 8"        [_thread_blocked, id=6884, stack(0x00000011ade00000,0x00000011adf00000) (1024K)]
  0x0000018655496cc0 JavaThread "Unconstrained build operations Thread 9"        [_thread_blocked, id=11672, stack(0x00000011adf00000,0x00000011ae000000) (1024K)]
  0x0000018655495fa0 JavaThread "Unconstrained build operations Thread 10"        [_thread_blocked, id=7640, stack(0x00000011ae000000,0x00000011ae100000) (1024K)]
  0x0000018655493840 JavaThread "jar transforms Thread 4"           [_thread_blocked, id=14488, stack(0x00000011ae100000,0x00000011ae200000) (1024K)]
Total: 47

Other Threads:
  0x000001864dc169f0 VMThread "VM Thread"                           [id=2008, stack(0x00000011aab00000,0x00000011aac00000) (1024K)]
  0x000001864db837b0 WatcherThread "VM Periodic Task Thread"        [id=1952, stack(0x00000011aaa00000,0x00000011aab00000) (1024K)]
  0x0000018636566da0 WorkerThread "GC Thread#0"                     [id=8080, stack(0x00000011aa500000,0x00000011aa600000) (1024K)]
  0x0000018652422310 WorkerThread "GC Thread#1"                     [id=11132, stack(0x00000011ab800000,0x00000011ab900000) (1024K)]
  0x00000186527cee70 WorkerThread "GC Thread#2"                     [id=12900, stack(0x00000011ab900000,0x00000011aba00000) (1024K)]
  0x000001865338d970 WorkerThread "GC Thread#3"                     [id=14640, stack(0x00000011ab600000,0x00000011ab700000) (1024K)]
  0x0000018652df3ba0 WorkerThread "GC Thread#4"                     [id=10556, stack(0x00000011ab700000,0x00000011ab800000) (1024K)]
  0x0000018653fd6180 WorkerThread "GC Thread#5"                     [id=11824, stack(0x00000011ac200000,0x00000011ac300000) (1024K)]
  0x0000018653fe0850 WorkerThread "GC Thread#6"                     [id=11880, stack(0x00000011ac300000,0x00000011ac400000) (1024K)]
  0x0000018653ec7020 WorkerThread "GC Thread#7"                     [id=11424, stack(0x00000011ac400000,0x00000011ac500000) (1024K)]
  0x0000018636577e00 ConcurrentGCThread "G1 Main Marker"            [id=5024, stack(0x00000011aa600000,0x00000011aa700000) (1024K)]
  0x0000018636578fb0 WorkerThread "G1 Conc#0"                       [id=5032, stack(0x00000011aa700000,0x00000011aa800000) (1024K)]
  0x0000018653ec7b00 WorkerThread "G1 Conc#1"                       [id=7004, stack(0x00000011ac800000,0x00000011ac900000) (1024K)]
  0x000001864da59110 ConcurrentGCThread "G1 Refine#0"               [id=2016, stack(0x00000011aa800000,0x00000011aa900000) (1024K)]
  0x000001864da59b90 ConcurrentGCThread "G1 Service"                [id=9748, stack(0x00000011aa900000,0x00000011aaa00000) (1024K)]
Total: 15

Threads with active compile tasks:
C2 CompilerThread0  14488 4973       4       java.lang.invoke.MethodType::makeImpl (109 bytes)
C2 CompilerThread1  14489 5263       4       org.codehaus.groovy.runtime.metaclass.MetaMethodIndex::addMethodToList (128 bytes)
Total: 2

VM state: at safepoint (normal execution)

VM Mutex/Monitor currently owned by a thread:  ([mutex/lock_event])
[0x00007ffd9d541468] Threads_lock - owner thread: 0x000001864dc169f0
[0x00007ffd9d541568] Heap_lock - owner thread: 0x0000018653fd4f20

Heap address: 0x0000000080000000, size: 2048 MB, Compressed Oops mode: 32-bit

CDS archive(s) not mapped
Compressed class space mapped at: 0x0000000100000000-0x0000000140000000, reserved size: 1073741824
Narrow klass base: 0x0000000000000000, Narrow klass shift: 3, Narrow klass range: 0x140000000

GC Precious Log:
 CardTable entry size: 512
 Card Set container configuration: InlinePtr #cards 5 size 8 Array Of Cards #cards 12 size 40 Howl #buckets 4 coarsen threshold 1843 Howl Bitmap #cards 512 size 80 coarsen threshold 460 Card regions per heap region 1 cards per card region 2048
 CPUs: 8 total, 8 available
 Memory: 7976M
 Large Page Support: Disabled
 NUMA Support: Disabled
 Compressed Oops: Enabled (32-bit)
 Heap Region Size: 1M
 Heap Min Capacity: 8M
 Heap Initial Capacity: 126M
 Heap Max Capacity: 2G
 Pre-touch: Disabled
 Parallel Workers: 8
 Concurrent Workers: 2
 Concurrent Refinement Workers: 8
 Periodic GC: Disabled

Heap:
 garbage-first heap   total 71680K, used 64267K [0x0000000080000000, 0x0000000100000000)
  region size 1024K, 32 young (32768K), 4 survivors (4096K)
 Metaspace       used 55647K, committed 57088K, reserved 1114112K
  class space    used 7670K, committed 8384K, reserved 1048576K

Heap Regions: E=young(eden), S=young(survivor), O=old, HS=humongous(starts), HC=humongous(continues), CS=collection set, F=free, TAMS=top-at-mark-start, PB=parsable bottom
|   0|0x0000000080000000, 0x0000000080100000, 0x0000000080100000|100%|HS|  |TAMS 0x0000000080100000| PB 0x0000000080000000| Complete 
|   1|0x0000000080100000, 0x0000000080200000, 0x0000000080200000|100%|HC|  |TAMS 0x0000000080200000| PB 0x0000000080100000| Complete 
|   2|0x0000000080200000, 0x0000000080300000, 0x0000000080300000|100%|HC|  |TAMS 0x0000000080300000| PB 0x0000000080200000| Complete 
|   3|0x0000000080300000, 0x0000000080400000, 0x0000000080400000|100%| O|  |TAMS 0x0000000080400000| PB 0x0000000080300000| Untracked 
|   4|0x0000000080400000, 0x0000000080500000, 0x0000000080500000|100%| O|  |TAMS 0x0000000080500000| PB 0x0000000080400000| Untracked 
|   5|0x0000000080500000, 0x0000000080600000, 0x0000000080600000|100%| O|  |TAMS 0x0000000080600000| PB 0x0000000080500000| Untracked 
|   6|0x0000000080600000, 0x0000000080700000, 0x0000000080700000|100%|HS|  |TAMS 0x0000000080700000| PB 0x0000000080600000| Complete 
|   7|0x0000000080700000, 0x0000000080800000, 0x0000000080800000|100%| O|  |TAMS 0x0000000080800000| PB 0x0000000080700000| Untracked 
|   8|0x0000000080800000, 0x0000000080900000, 0x0000000080900000|100%| O|  |TAMS 0x0000000080900000| PB 0x0000000080800000| Untracked 
|   9|0x0000000080900000, 0x0000000080a00000, 0x0000000080a00000|100%| O|  |TAMS 0x0000000080a00000| PB 0x0000000080900000| Untracked 
|  10|0x0000000080a00000, 0x0000000080b00000, 0x0000000080b00000|100%| O|  |TAMS 0x0000000080b00000| PB 0x0000000080a00000| Untracked 
|  11|0x0000000080b00000, 0x0000000080c00000, 0x0000000080c00000|100%| O|  |TAMS 0x0000000080c00000| PB 0x0000000080b00000| Untracked 
|  12|0x0000000080c00000, 0x0000000080d00000, 0x0000000080d00000|100%| O|  |TAMS 0x0000000080d00000| PB 0x0000000080c00000| Untracked 
|  13|0x0000000080d00000, 0x0000000080e00000, 0x0000000080e00000|100%| O|  |TAMS 0x0000000080e00000| PB 0x0000000080d00000| Untracked 
|  14|0x0000000080e00000, 0x0000000080f00000, 0x0000000080f00000|100%| O|  |TAMS 0x0000000080e00000| PB 0x0000000080e00000| Untracked 
|  15|0x0000000080f00000, 0x0000000081000000, 0x0000000081000000|100%| O|  |TAMS 0x0000000081000000| PB 0x0000000080f00000| Untracked 
|  16|0x0000000081000000, 0x0000000081100000, 0x0000000081100000|100%| O|  |TAMS 0x0000000081100000| PB 0x0000000081000000| Untracked 
|  17|0x0000000081100000, 0x0000000081200000, 0x0000000081200000|100%| O|  |TAMS 0x0000000081200000| PB 0x0000000081100000| Untracked 
|  18|0x0000000081200000, 0x0000000081300000, 0x0000000081300000|100%| O|  |TAMS 0x0000000081300000| PB 0x0000000081200000| Untracked 
|  19|0x0000000081300000, 0x0000000081400000, 0x0000000081400000|100%| O|  |TAMS 0x0000000081400000| PB 0x0000000081300000| Untracked 
|  20|0x0000000081400000, 0x0000000081500000, 0x0000000081500000|100%| O|  |TAMS 0x0000000081500000| PB 0x0000000081400000| Untracked 
|  21|0x0000000081500000, 0x0000000081600000, 0x0000000081600000|100%| O|  |TAMS 0x0000000081600000| PB 0x0000000081500000| Untracked 
|  22|0x0000000081600000, 0x0000000081700000, 0x0000000081700000|100%| O|  |TAMS 0x0000000081700000| PB 0x0000000081600000| Untracked 
|  23|0x0000000081700000, 0x0000000081800000, 0x0000000081800000|100%| O|  |TAMS 0x0000000081800000| PB 0x0000000081700000| Untracked 
|  24|0x0000000081800000, 0x0000000081900000, 0x0000000081900000|100%| O|  |TAMS 0x0000000081900000| PB 0x0000000081800000| Untracked 
|  25|0x0000000081900000, 0x0000000081a00000, 0x0000000081a00000|100%| O|  |TAMS 0x0000000081a00000| PB 0x0000000081900000| Untracked 
|  26|0x0000000081a00000, 0x0000000081b00000, 0x0000000081b00000|100%| O|  |TAMS 0x0000000081b00000| PB 0x0000000081a00000| Untracked 
|  27|0x0000000081b00000, 0x0000000081c00000, 0x0000000081c00000|100%| O|  |TAMS 0x0000000081c00000| PB 0x0000000081b00000| Untracked 
|  28|0x0000000081c00000, 0x0000000081d00000, 0x0000000081d00000|100%| O|  |TAMS 0x0000000081d00000| PB 0x0000000081c00000| Untracked 
|  29|0x0000000081d00000, 0x0000000081e00000, 0x0000000081e00000|100%| O|  |TAMS 0x0000000081e00000| PB 0x0000000081d00000| Untracked 
|  30|0x0000000081e00000, 0x0000000081f00000, 0x0000000081f00000|100%| O|  |TAMS 0x0000000081f00000| PB 0x0000000081e00000| Untracked 
|  31|0x0000000081f00000, 0x0000000082000000, 0x0000000082000000|100%| O|  |TAMS 0x0000000081f6a3c0| PB 0x0000000081f00000| Untracked 
|  32|0x0000000082000000, 0x0000000082100000, 0x0000000082100000|100%| O|  |TAMS 0x0000000082100000| PB 0x0000000082000000| Untracked 
|  33|0x0000000082100000, 0x0000000082200000, 0x0000000082200000|100%| O|  |TAMS 0x0000000082200000| PB 0x0000000082100000| Untracked 
|  34|0x0000000082200000, 0x0000000082300000, 0x0000000082300000|100%| O|  |TAMS 0x0000000082300000| PB 0x0000000082200000| Untracked 
|  35|0x0000000082300000, 0x0000000082300000, 0x0000000082400000|  0%| F|  |TAMS 0x0000000082300000| PB 0x0000000082300000| Untracked 
|  36|0x0000000082400000, 0x0000000082400000, 0x0000000082500000|  0%| F|  |TAMS 0x0000000082400000| PB 0x0000000082400000| Untracked 
|  37|0x0000000082500000, 0x0000000082600000, 0x0000000082600000|100%| S|CS|TAMS 0x0000000082500000| PB 0x0000000082500000| Complete 
|  38|0x0000000082600000, 0x0000000082700000, 0x0000000082700000|100%| S|CS|TAMS 0x0000000082600000| PB 0x0000000082600000| Complete 
|  39|0x0000000082700000, 0x0000000082800000, 0x0000000082800000|100%| S|CS|TAMS 0x0000000082700000| PB 0x0000000082700000| Complete 
|  40|0x0000000082800000, 0x0000000082800000, 0x0000000082900000|  0%| F|  |TAMS 0x0000000082800000| PB 0x0000000082800000| Untracked 
|  41|0x0000000082900000, 0x0000000082a00000, 0x0000000082a00000|100%| S|CS|TAMS 0x0000000082900000| PB 0x0000000082900000| Complete 
|  42|0x0000000082a00000, 0x0000000082a00000, 0x0000000082b00000|  0%| F|  |TAMS 0x0000000082a00000| PB 0x0000000082a00000| Untracked 
|  43|0x0000000082b00000, 0x0000000082b00000, 0x0000000082c00000|  0%| F|  |TAMS 0x0000000082b00000| PB 0x0000000082b00000| Untracked 
|  44|0x0000000082c00000, 0x0000000082c00000, 0x0000000082d00000|  0%| F|  |TAMS 0x0000000082c00000| PB 0x0000000082c00000| Untracked 
|  45|0x0000000082d00000, 0x0000000082d00000, 0x0000000082e00000|  0%| F|  |TAMS 0x0000000082d00000| PB 0x0000000082d00000| Untracked 
|  46|0x0000000082e00000, 0x0000000082e00000, 0x0000000082f00000|  0%| F|  |TAMS 0x0000000082e00000| PB 0x0000000082e00000| Untracked 
|  47|0x0000000082f00000, 0x0000000082f00000, 0x0000000083000000|  0%| F|  |TAMS 0x0000000082f00000| PB 0x0000000082f00000| Untracked 
|  48|0x0000000083000000, 0x0000000083000000, 0x0000000083100000|  0%| F|  |TAMS 0x0000000083000000| PB 0x0000000083000000| Untracked 
|  49|0x0000000083100000, 0x0000000083100000, 0x0000000083200000|  0%| F|  |TAMS 0x0000000083100000| PB 0x0000000083100000| Untracked 
|  50|0x0000000083200000, 0x0000000083200000, 0x0000000083300000|  0%| F|  |TAMS 0x0000000083200000| PB 0x0000000083200000| Untracked 
|  51|0x0000000083300000, 0x0000000083300000, 0x0000000083400000|  0%| F|  |TAMS 0x0000000083300000| PB 0x0000000083300000| Untracked 
|  52|0x0000000083400000, 0x0000000083400000, 0x0000000083500000|  0%| F|  |TAMS 0x0000000083400000| PB 0x0000000083400000| Untracked 
|  53|0x0000000083500000, 0x0000000083500000, 0x0000000083600000|  0%| F|  |TAMS 0x0000000083500000| PB 0x0000000083500000| Untracked 
|  54|0x0000000083600000, 0x0000000083600000, 0x0000000083700000|  0%| F|  |TAMS 0x0000000083600000| PB 0x0000000083600000| Untracked 
|  55|0x0000000083700000, 0x0000000083700000, 0x0000000083800000|  0%| F|  |TAMS 0x0000000083700000| PB 0x0000000083700000| Untracked 
|  56|0x0000000083800000, 0x0000000083800000, 0x0000000083900000|  0%| F|  |TAMS 0x0000000083800000| PB 0x0000000083800000| Untracked 
|  57|0x0000000083900000, 0x0000000083900000, 0x0000000083a00000|  0%| F|  |TAMS 0x0000000083900000| PB 0x0000000083900000| Untracked 
|  58|0x0000000083a00000, 0x0000000083a00000, 0x0000000083b00000|  0%| F|  |TAMS 0x0000000083a00000| PB 0x0000000083a00000| Untracked 
|  59|0x0000000083b00000, 0x0000000083b00000, 0x0000000083c00000|  0%| F|  |TAMS 0x0000000083b00000| PB 0x0000000083b00000| Untracked 
|  60|0x0000000083c00000, 0x0000000083c00000, 0x0000000083d00000|  0%| F|  |TAMS 0x0000000083c00000| PB 0x0000000083c00000| Untracked 
|  61|0x0000000083d00000, 0x0000000083d00000, 0x0000000083e00000|  0%| F|  |TAMS 0x0000000083d00000| PB 0x0000000083d00000| Untracked 
|  62|0x0000000083e00000, 0x0000000083e00000, 0x0000000083f00000|  0%| F|  |TAMS 0x0000000083e00000| PB 0x0000000083e00000| Untracked 
|  63|0x0000000083f00000, 0x0000000083f00000, 0x0000000084000000|  0%| F|  |TAMS 0x0000000083f00000| PB 0x0000000083f00000| Untracked 
|  64|0x0000000084000000, 0x0000000084000000, 0x0000000084100000|  0%| F|  |TAMS 0x0000000084000000| PB 0x0000000084000000| Untracked 
|  65|0x0000000084100000, 0x0000000084100000, 0x0000000084200000|  0%| F|  |TAMS 0x0000000084100000| PB 0x0000000084100000| Untracked 
|  66|0x0000000084200000, 0x0000000084200000, 0x0000000084300000|  0%| F|  |TAMS 0x0000000084200000| PB 0x0000000084200000| Untracked 
|  67|0x0000000084300000, 0x0000000084300000, 0x0000000084400000|  0%| F|  |TAMS 0x0000000084300000| PB 0x0000000084300000| Untracked 
| 120|0x0000000087800000, 0x0000000087800000, 0x0000000087900000|  0%| F|  |TAMS 0x0000000087800000| PB 0x0000000087800000| Untracked 
| 125|0x0000000087d00000, 0x0000000087d00000, 0x0000000087e00000|  0%| F|  |TAMS 0x0000000087d00000| PB 0x0000000087d00000| Untracked 

Card table byte_map: [0x0000018648da0000,0x00000186491a0000] _byte_map_base: 0x00000186489a0000

Marking Bits: (CMBitMap*) 0x00000186365673b0
 Bits: [0x00000186491a0000, 0x000001864b1a0000)

Polling page: 0x0000018635ce0000

Metaspace:

Usage:
  Non-class:     46.85 MB used.
      Class:      7.49 MB used.
       Both:     54.34 MB used.

Virtual space:
  Non-class space:       64.00 MB reserved,      47.56 MB ( 74%) committed,  1 nodes.
      Class space:        1.00 GB reserved,       8.19 MB ( <1%) committed,  1 nodes.
             Both:        1.06 GB reserved,      55.75 MB (  5%) committed. 

Chunk freelists:
   Non-Class:  15.59 MB
       Class:  7.72 MB
        Both:  23.31 MB

MaxMetaspaceSize: unlimited
CompressedClassSpaceSize: 1.00 GB
Initial GC threshold: 21.00 MB
Current GC threshold: 76.06 MB
CDS: off
 - commit_granule_bytes: 65536.
 - commit_granule_words: 8192.
 - virtual_space_node_default_size: 8388608.
 - enlarge_chunks_in_place: 1.
 - use_allocation_guard: 0.


Internal statistics:

num_allocs_failed_limit: 6.
num_arena_births: 2702.
num_arena_deaths: 0.
num_vsnodes_births: 2.
num_vsnodes_deaths: 0.
num_space_committed: 892.
num_space_uncommitted: 0.
num_chunks_returned_to_freelist: 6.
num_chunks_taken_from_freelist: 4863.
num_chunk_merges: 6.
num_chunk_splits: 3155.
num_chunks_enlarged: 1932.
num_inconsistent_stats: 0.

CodeHeap 'non-profiled nmethods': size=120000Kb used=2867Kb max_used=2867Kb free=117133Kb
 bounds [0x0000018641140000, 0x0000018641410000, 0x0000018648670000]
CodeHeap 'profiled nmethods': size=120000Kb used=8698Kb max_used=8698Kb free=111301Kb
 bounds [0x0000018639670000, 0x0000018639ef0000, 0x0000018640ba0000]
CodeHeap 'non-nmethods': size=5760Kb used=2686Kb max_used=2777Kb free=3073Kb
 bounds [0x0000018640ba0000, 0x0000018640e70000, 0x0000018641140000]
 total_blobs=5505 nmethods=4660 adapters=749
 compilation: enabled
              stopped_count=0, restarted_count=0
 full_count=0

Compilation events (20 events):
Event: 14.423 Thread 0x0000018652079870 5217       1       org.gradle.cache.internal.btree.BTreePersistentIndexedCache$IndexBlock::getType (3 bytes)
Event: 14.423 Thread 0x0000018652079870 nmethod 5217 0x0000018641409890 code [0x0000018641409a20, 0x0000018641409ae8]
Event: 14.425 Thread 0x0000018652079870 5218       3       com.google.common.cache.LocalCache$EntryFactory$2::newEntry (12 bytes)
Event: 14.425 Thread 0x0000018652079870 nmethod 5218 0x0000018639ed5790 code [0x0000018639ed5980, 0x0000018639ed5fb0]
Event: 14.425 Thread 0x0000018652079870 5219       3       com.google.common.cache.LocalCache$Segment::getEntry (73 bytes)
Event: 14.427 Thread 0x0000018652079870 nmethod 5219 0x0000018639ed6190 code [0x0000018639ed64a0, 0x0000018639ed75a0]
Event: 14.427 Thread 0x0000018652079870 5220       3       com.google.common.cache.LocalCache$Segment::getFirst (21 bytes)
Event: 14.429 Thread 0x0000018652079870 nmethod 5220 0x0000018639ed7b90 code [0x0000018639ed7e00, 0x0000018639ed88f0]
Event: 14.430 Thread 0x0000018652079870 5221       3       java.security.MessageDigestSpi::<init> (5 bytes)
Event: 14.430 Thread 0x0000018652079870 nmethod 5221 0x0000018639ed8d10 code [0x0000018639ed8ec0, 0x0000018639ed9028]
Event: 14.434 Thread 0x0000018652079870 5222       3       com.google.common.collect.RegularImmutableList::<init> (10 bytes)
Event: 14.435 Thread 0x0000018652079870 nmethod 5222 0x0000018639ed9110 code [0x0000018639ed92c0, 0x0000018639ed95a0]
Event: 14.435 Thread 0x0000018652079870 5223       3       java.lang.invoke.Invokers$Holder::linkToTargetMethod (13 bytes)
Event: 14.435 Thread 0x0000018652079870 nmethod 5223 0x0000018639ed9710 code [0x0000018639ed98e0, 0x0000018639ed9cf8]
Event: 14.435 Thread 0x0000018652079870 5224       3       com.google.common.cache.LocalCache$Segment::getLiveEntry (38 bytes)
Event: 14.436 Thread 0x0000018652079870 nmethod 5224 0x0000018639ed9e10 code [0x0000018639eda080, 0x0000018639edaa48]
Event: 14.436 Thread 0x0000018652079870 5226       1       sun.nio.fs.WindowsNativeDispatcher$FirstFile::handle (5 bytes)
Event: 14.436 Thread 0x0000018652079870 nmethod 5226 0x0000018641409f90 code [0x000001864140a120, 0x000001864140a1e8]
Event: 14.436 Thread 0x0000018652079870 5227       1       sun.nio.fs.WindowsNativeDispatcher$FirstFile::name (5 bytes)
Event: 14.436 Thread 0x0000018652079870 nmethod 5227 0x000001864140a290 code [0x000001864140a420, 0x000001864140a4e8]

GC Heap History (20 events):
Event: 7.653 GC heap before
{Heap before GC invocations=2 (full 0):
 garbage-first heap   total 129024K, used 83805K [0x0000000080000000, 0x0000000100000000)
  region size 1024K, 75 young (76800K), 5 survivors (5120K)
 Metaspace       used 20570K, committed 20864K, reserved 1114112K
  class space    used 2379K, committed 2496K, reserved 1048576K
}
Event: 7.673 GC heap after
{Heap after GC invocations=3 (full 0):
 garbage-first heap   total 129024K, used 19453K [0x0000000080000000, 0x0000000100000000)
  region size 1024K, 10 young (10240K), 10 survivors (10240K)
 Metaspace       used 20570K, committed 20864K, reserved 1114112K
  class space    used 2379K, committed 2496K, reserved 1048576K
}
Event: 7.812 GC heap before
{Heap before GC invocations=3 (full 0):
 garbage-first heap   total 129024K, used 23549K [0x0000000080000000, 0x0000000100000000)
  region size 1024K, 15 young (15360K), 10 survivors (10240K)
 Metaspace       used 21251K, committed 21504K, reserved 1114112K
  class space    used 2492K, committed 2624K, reserved 1048576K
}
Event: 7.823 GC heap after
{Heap after GC invocations=4 (full 0):
 garbage-first heap   total 129024K, used 20859K [0x0000000080000000, 0x0000000100000000)
  region size 1024K, 1 young (1024K), 1 survivors (1024K)
 Metaspace       used 21251K, committed 21504K, reserved 1114112K
  class space    used 2492K, committed 2624K, reserved 1048576K
}
Event: 9.164 GC heap before
{Heap before GC invocations=5 (full 0):
 garbage-first heap   total 71680K, used 61819K [0x0000000080000000, 0x0000000100000000)
  region size 1024K, 42 young (43008K), 1 survivors (1024K)
 Metaspace       used 28195K, committed 28672K, reserved 1114112K
  class space    used 3577K, committed 3776K, reserved 1048576K
}
Event: 9.171 GC heap after
{Heap after GC invocations=6 (full 0):
 garbage-first heap   total 71680K, used 22724K [0x0000000080000000, 0x0000000100000000)
  region size 1024K, 3 young (3072K), 3 survivors (3072K)
 Metaspace       used 28195K, committed 28672K, reserved 1114112K
  class space    used 3577K, committed 3776K, reserved 1048576K
}
Event: 10.072 GC heap before
{Heap before GC invocations=6 (full 0):
 garbage-first heap   total 71680K, used 57540K [0x0000000080000000, 0x0000000100000000)
  region size 1024K, 37 young (37888K), 3 survivors (3072K)
 Metaspace       used 32683K, committed 33344K, reserved 1114112K
  class space    used 4354K, committed 4672K, reserved 1048576K
}
Event: 10.079 GC heap after
{Heap after GC invocations=7 (full 0):
 garbage-first heap   total 71680K, used 24973K [0x0000000080000000, 0x0000000100000000)
  region size 1024K, 5 young (5120K), 5 survivors (5120K)
 Metaspace       used 32683K, committed 33344K, reserved 1114112K
  class space    used 4354K, committed 4672K, reserved 1048576K
}
Event: 10.419 GC heap before
{Heap before GC invocations=7 (full 0):
 garbage-first heap   total 71680K, used 41357K [0x0000000080000000, 0x0000000100000000)
  region size 1024K, 23 young (23552K), 5 survivors (5120K)
 Metaspace       used 35166K, committed 35968K, reserved 1114112K
  class space    used 4764K, committed 5120K, reserved 1048576K
}
Event: 10.427 GC heap after
{Heap after GC invocations=8 (full 0):
 garbage-first heap   total 71680K, used 25741K [0x0000000080000000, 0x0000000100000000)
  region size 1024K, 4 young (4096K), 4 survivors (4096K)
 Metaspace       used 35166K, committed 35968K, reserved 1114112K
  class space    used 4764K, committed 5120K, reserved 1048576K
}
Event: 11.361 GC heap before
{Heap before GC invocations=9 (full 0):
 garbage-first heap   total 71680K, used 59533K [0x0000000080000000, 0x0000000100000000)
  region size 1024K, 38 young (38912K), 4 survivors (4096K)
 Metaspace       used 42166K, committed 43072K, reserved 1114112K
  class space    used 5685K, committed 6144K, reserved 1048576K
}
Event: 11.369 GC heap after
{Heap after GC invocations=10 (full 0):
 garbage-first heap   total 71680K, used 29145K [0x0000000080000000, 0x0000000100000000)
  region size 1024K, 5 young (5120K), 5 survivors (5120K)
 Metaspace       used 42166K, committed 43072K, reserved 1114112K
  class space    used 5685K, committed 6144K, reserved 1048576K
}
Event: 12.030 GC heap before
{Heap before GC invocations=10 (full 0):
 garbage-first heap   total 71680K, used 59865K [0x0000000080000000, 0x0000000100000000)
  region size 1024K, 36 young (36864K), 5 survivors (5120K)
 Metaspace       used 44242K, committed 45120K, reserved 1114112K
  class space    used 5917K, committed 6336K, reserved 1048576K
}
Event: 12.044 GC heap after
{Heap after GC invocations=11 (full 0):
 garbage-first heap   total 71680K, used 31680K [0x0000000080000000, 0x0000000100000000)
  region size 1024K, 3 young (3072K), 3 survivors (3072K)
 Metaspace       used 44242K, committed 45120K, reserved 1114112K
  class space    used 5917K, committed 6336K, reserved 1048576K
}
Event: 12.244 GC heap before
{Heap before GC invocations=11 (full 0):
 garbage-first heap   total 71680K, used 41920K [0x0000000080000000, 0x0000000100000000)
  region size 1024K, 12 young (12288K), 3 survivors (3072K)
 Metaspace       used 45095K, committed 46016K, reserved 1114112K
  class space    used 6043K, committed 6464K, reserved 1048576K
}
Event: 12.249 GC heap after
{Heap after GC invocations=12 (full 0):
 garbage-first heap   total 71680K, used 34208K [0x0000000080000000, 0x0000000100000000)
  region size 1024K, 1 young (1024K), 1 survivors (1024K)
 Metaspace       used 45095K, committed 46016K, reserved 1114112K
  class space    used 6043K, committed 6464K, reserved 1048576K
}
Event: 13.216 GC heap before
{Heap before GC invocations=13 (full 0):
 garbage-first heap   total 71680K, used 65952K [0x0000000080000000, 0x0000000100000000)
  region size 1024K, 30 young (30720K), 1 survivors (1024K)
 Metaspace       used 49214K, committed 50432K, reserved 1114112K
  class space    used 6600K, committed 7168K, reserved 1048576K
}
Event: 13.222 GC heap after
{Heap after GC invocations=14 (full 0):
 garbage-first heap   total 71680K, used 34268K [0x0000000080000000, 0x0000000100000000)
  region size 1024K, 3 young (3072K), 3 survivors (3072K)
 Metaspace       used 49214K, committed 50432K, reserved 1114112K
  class space    used 6600K, committed 7168K, reserved 1048576K
}
Event: 13.753 GC heap before
{Heap before GC invocations=14 (full 0):
 garbage-first heap   total 71680K, used 62940K [0x0000000080000000, 0x0000000100000000)
  region size 1024K, 32 young (32768K), 3 survivors (3072K)
 Metaspace       used 52927K, committed 54400K, reserved 1114112K
  class space    used 7215K, committed 7936K, reserved 1048576K
}
Event: 13.759 GC heap after
{Heap after GC invocations=15 (full 0):
 garbage-first heap   total 71680K, used 36054K [0x0000000080000000, 0x0000000100000000)
  region size 1024K, 2 young (2048K), 2 survivors (2048K)
 Metaspace       used 52927K, committed 54400K, reserved 1114112K
  class space    used 7215K, committed 7936K, reserved 1048576K
}

Dll operation events (3 events):
Event: 0.012 Loaded shared library C:\Program Files\Android\Android Studio\jbr\bin\java.dll
Event: 0.020 Loaded shared library C:\Program Files\Android\Android Studio\jbr\bin\zip.dll
Event: 3.073 Loaded shared library C:\Program Files\Android\Android Studio\jbr\bin\verify.dll

Deoptimization events (20 events):
Event: 14.355 Thread 0x0000018653fd4f20 Uncommon trap: trap_request=0xffffff45 fr.pc=0x0000018641207b14 relative=0x0000000000000154
Event: 14.355 Thread 0x0000018653fd4f20 Uncommon trap: reason=unstable_if action=reinterpret pc=0x0000018641207b14 method=java.util.concurrent.ConcurrentHashMap.addCount(JI)V @ 7 c2
Event: 14.355 Thread 0x00000186540bbfb0 Uncommon trap: trap_request=0xffffff45 fr.pc=0x0000018641207b14 relative=0x0000000000000154
Event: 14.355 Thread 0x00000186540bb290 Uncommon trap: trap_request=0xffffff45 fr.pc=0x0000018641207b14 relative=0x0000000000000154
Event: 14.355 Thread 0x00000186540bbfb0 Uncommon trap: reason=unstable_if action=reinterpret pc=0x0000018641207b14 method=java.util.concurrent.ConcurrentHashMap.addCount(JI)V @ 7 c2
Event: 14.355 Thread 0x00000186540bb290 Uncommon trap: reason=unstable_if action=reinterpret pc=0x0000018641207b14 method=java.util.concurrent.ConcurrentHashMap.addCount(JI)V @ 7 c2
Event: 14.355 Thread 0x0000018655496cc0 Uncommon trap: trap_request=0xffffff45 fr.pc=0x0000018641207b14 relative=0x0000000000000154
Event: 14.355 Thread 0x0000018653fd4f20 DEOPT PACKING pc=0x0000018641207b14 sp=0x00000011ac1f8210
Event: 14.355 Thread 0x00000186540bbfb0 DEOPT PACKING pc=0x0000018641207b14 sp=0x00000011adcfd7d0
Event: 14.355 Thread 0x0000018655496cc0 Uncommon trap: reason=unstable_if action=reinterpret pc=0x0000018641207b14 method=java.util.concurrent.ConcurrentHashMap.addCount(JI)V @ 7 c2
Event: 14.355 Thread 0x00000186540bb290 DEOPT PACKING pc=0x0000018641207b14 sp=0x00000011addfd920
Event: 14.355 Thread 0x0000018655496cc0 DEOPT PACKING pc=0x0000018641207b14 sp=0x00000011adffdab0
Event: 14.355 Thread 0x0000018653fd4f20 DEOPT UNPACKING pc=0x0000018640bf46a2 sp=0x00000011ac1f8170 mode 2
Event: 14.355 Thread 0x00000186540bb290 DEOPT UNPACKING pc=0x0000018640bf46a2 sp=0x00000011addfd860 mode 2
Event: 14.355 Thread 0x00000186540bbfb0 DEOPT UNPACKING pc=0x0000018640bf46a2 sp=0x00000011adcfd710 mode 2
Event: 14.355 Thread 0x0000018655496cc0 DEOPT UNPACKING pc=0x0000018640bf46a2 sp=0x00000011adffd9f0 mode 2
Event: 14.411 Thread 0x0000018653fd4f20 Uncommon trap: trap_request=0xffffffde fr.pc=0x000001864126ec34 relative=0x00000000000002d4
Event: 14.411 Thread 0x0000018653fd4f20 Uncommon trap: reason=class_check action=maybe_recompile pc=0x000001864126ec34 method=java.util.Collections$SetFromMap.remove(Ljava/lang/Object;)Z @ 5 c2
Event: 14.411 Thread 0x0000018653fd4f20 DEOPT PACKING pc=0x000001864126ec34 sp=0x00000011ac1f96f0
Event: 14.411 Thread 0x0000018653fd4f20 DEOPT UNPACKING pc=0x0000018640bf46a2 sp=0x00000011ac1f96d8 mode 2

Classes loaded (20 events):
Event: 14.029 Loading class jdk/internal/reflect/ClassDefiner
Event: 14.029 Loading class jdk/internal/reflect/ClassDefiner done
Event: 14.029 Loading class jdk/internal/reflect/ClassDefiner$1
Event: 14.029 Loading class jdk/internal/reflect/ClassDefiner$1 done
Event: 14.029 Loading class jdk/internal/reflect/SerializationConstructorAccessorImpl
Event: 14.029 Loading class jdk/internal/reflect/SerializationConstructorAccessorImpl done
Event: 14.107 Loading class java/nio/channels/Channels
Event: 14.116 Loading class java/nio/channels/Channels done
Event: 14.116 Loading class sun/nio/ch/Streams
Event: 14.116 Loading class sun/nio/ch/Streams done
Event: 14.117 Loading class sun/nio/ch/ChannelInputStream
Event: 14.118 Loading class sun/nio/ch/ChannelInputStream done
Event: 14.414 Loading class java/util/stream/SortedOps
Event: 14.414 Loading class java/util/stream/SortedOps done
Event: 14.414 Loading class java/util/stream/SortedOps$OfRef
Event: 14.414 Loading class java/util/stream/SortedOps$OfRef done
Event: 14.416 Loading class java/util/stream/SortedOps$SizedRefSortingSink
Event: 14.416 Loading class java/util/stream/SortedOps$AbstractRefSortingSink
Event: 14.416 Loading class java/util/stream/SortedOps$AbstractRefSortingSink done
Event: 14.416 Loading class java/util/stream/SortedOps$SizedRefSortingSink done

Classes unloaded (0 events):
No events

Classes redefined (0 events):
No events

Internal exceptions (20 events):
Event: 13.665 Thread 0x0000018653fd4f20 Exception <a 'java/lang/NoSuchMethodError'{0x0000000082e3b9b8}: 'java.lang.Object java.lang.invoke.DirectMethodHandle$Holder.newInvokeSpecial(java.lang.Object, java.lang.Object, java.lang.Object, java.lang.Object, java.lang.Object, java.lang.Object, java.lang.Object, java.lang.Object, java.lang.Object, java.lang.Object, java.lang.Object, java.lang.Object, java.lang.Object, java.lang.Object, java.lang.Object, java.lang.Object, java.lang.Object, java.lang.Object, java.lang.Object, java.lang.Object, java.lang
Event: 13.665 Thread 0x0000018653fd4f20 Exception <a 'java/lang/NoSuchMethodError'{0x0000000082e435c8}: 'java.lang.Object java.lang.invoke.DirectMethodHandle$Holder.invokeSpecial(java.lang.Object, java.lang.Object, java.lang.Object, java.lang.Object, java.lang.Object, java.lang.Object, java.lang.Object, java.lang.Object, java.lang.Object, java.lang.Object, java.lang.Object, java.lang.Object, java.lang.Object, java.lang.Object, java.lang.Object, java.lang.Object, java.lang.Object, java.lang.Object, java.lang.Object, java.lang.Object, java.lang.Ob
Event: 13.665 Thread 0x0000018653fd4f20 Exception <a 'java/lang/NoSuchMethodError'{0x0000000082e498e0}: 'java.lang.Object java.lang.invoke.DelegatingMethodHandle$Holder.reinvoke_L(java.lang.Object, java.lang.Object, java.lang.Object, java.lang.Object, java.lang.Object, java.lang.Object, java.lang.Object, java.lang.Object, java.lang.Object, java.lang.Object, java.lang.Object, java.lang.Object, java.lang.Object, java.lang.Object, java.lang.Object, java.lang.Object, java.lang.Object, java.lang.Object, java.lang.Object, java.lang.Object, java.lang.O
Event: 13.706 Thread 0x0000018653fd4f20 Implicit null exception at 0x000001864136ef00 to 0x000001864136efb4
Event: 13.722 Thread 0x0000018653fd4f20 Exception <a 'java/lang/ClassNotFoundException'{0x0000000082a48a68}: org/gradle/api/internal/artifacts/dsl/dependencies/DefaultDependencyHandler_DecoratedBeanInfo> (0x0000000082a48a68) 
thrown [s\src\hotspot\share\classfile\systemDictionary.cpp, line 312]
Event: 13.722 Thread 0x0000018653fd4f20 Exception <a 'java/lang/ClassNotFoundException'{0x0000000082a5c808}: org/gradle/api/internal/artifacts/dsl/dependencies/DefaultDependencyHandlerBeanInfo> (0x0000000082a5c808) 
thrown [s\src\hotspot\share\classfile\systemDictionary.cpp, line 312]
Event: 13.723 Thread 0x0000018653fd4f20 Exception <a 'java/lang/ClassNotFoundException'{0x0000000082a70008}: org/gradle/api/internal/artifacts/dsl/dependencies/DefaultDependencyHandlerCustomizer> (0x0000000082a70008) 
thrown [s\src\hotspot\share\classfile\systemDictionary.cpp, line 312]
Event: 13.726 Thread 0x0000018653fd4f20 Exception <a 'java/lang/ClassNotFoundException'{0x0000000082ab8120}: org/gradle/api/internal/artifacts/dsl/dependencies/DefaultDependencyHandler_DecoratedCustomizer> (0x0000000082ab8120) 
thrown [s\src\hotspot\share\classfile\systemDictionary.cpp, line 312]
Event: 13.729 Thread 0x0000018653fd4f20 Exception <a 'java/lang/ClassNotFoundException'{0x0000000082afdca8}: ijJvmDebugger1_3zcwjuhvp93x9yo6gyrkmd0kx$_run_closure1BeanInfo> (0x0000000082afdca8) 
thrown [s\src\hotspot\share\classfile\systemDictionary.cpp, line 312]
Event: 13.729 Thread 0x0000018653fd4f20 Exception <a 'java/lang/ClassNotFoundException'{0x00000000829045a0}: ijJvmDebugger1_3zcwjuhvp93x9yo6gyrkmd0kx$_run_closure1Customizer> (0x00000000829045a0) 
thrown [s\src\hotspot\share\classfile\systemDictionary.cpp, line 312]
Event: 13.785 Thread 0x0000018653fd4f20 Exception <a 'java/lang/NoSuchMethodError'{0x00000000878bc4c0}: 'java.lang.Object java.lang.invoke.DirectMethodHandle$Holder.newInvokeSpecial(java.lang.Object, int, java.lang.Object)'> (0x00000000878bc4c0) 
thrown [s\src\hotspot\share\interpreter\linkResolver.cpp, line 784]
Event: 13.864 Thread 0x0000018653fd4f20 Exception <a 'java/lang/NoSuchMethodError'{0x0000000083e10cf8}: 'java.lang.Object java.lang.invoke.DirectMethodHandle$Holder.newInvokeSpecial(java.lang.Object, java.lang.Object, java.lang.Object, int)'> (0x0000000083e10cf8) 
thrown [s\src\hotspot\share\interpreter\linkResolver.cpp, line 784]
Event: 13.864 Thread 0x0000018653fd4f20 Exception <a 'java/lang/NoSuchMethodError'{0x0000000083e150e0}: 'java.lang.Object java.lang.invoke.Invokers$Holder.linkToTargetMethod(java.lang.Object, java.lang.Object, int, java.lang.Object)'> (0x0000000083e150e0) 
thrown [s\src\hotspot\share\interpreter\linkResolver.cpp, line 784]
Event: 13.919 Thread 0x0000018653fd4f20 Exception <a 'java/lang/NoSuchMethodError'{0x0000000083b66670}: 'java.lang.Object java.lang.invoke.DirectMethodHandle$Holder.invokeSpecial(java.lang.Object, java.lang.Object, long, java.lang.Object, java.lang.Object)'> (0x0000000083b66670) 
thrown [s\src\hotspot\share\interpreter\linkResolver.cpp, line 784]
Event: 13.936 Thread 0x0000018653fd4f20 Exception <a 'java/lang/NoSuchMethodError'{0x0000000083a3b558}: 'java.lang.Object java.lang.invoke.DirectMethodHandle$Holder.newInvokeSpecial(java.lang.Object, java.lang.Object, java.lang.Object, int, java.lang.Object)'> (0x0000000083a3b558) 
thrown [s\src\hotspot\share\interpreter\linkResolver.cpp, line 784]
Event: 13.936 Thread 0x0000018653fd4f20 Exception <a 'java/lang/NoSuchMethodError'{0x0000000083a3fa58}: 'java.lang.Object java.lang.invoke.Invokers$Holder.linkToTargetMethod(java.lang.Object, java.lang.Object, int, java.lang.Object, java.lang.Object)'> (0x0000000083a3fa58) 
thrown [s\src\hotspot\share\interpreter\linkResolver.cpp, line 784]
Event: 14.002 Thread 0x0000018653fd4f20 Exception <a 'java/lang/NoSuchMethodError'{0x0000000083736f40}: 'int java.lang.invoke.DirectMethodHandle$Holder.invokeInterface(java.lang.Object, java.lang.Object, java.lang.Object, java.lang.Object, java.lang.Object)'> (0x0000000083736f40) 
thrown [s\src\hotspot\share\interpreter\linkResolver.cpp, line 784]
Event: 14.032 Thread 0x0000018653fd4f20 Exception <a 'java/lang/NoSuchMethodError'{0x000000008364f2b0}: 'java.lang.Object java.lang.invoke.DirectMethodHandle$Holder.newInvokeSpecial(java.lang.Object, java.lang.Object, java.lang.Object, java.lang.Object, int, java.lang.Object)'> (0x000000008364f2b0) 
thrown [s\src\hotspot\share\interpreter\linkResolver.cpp, line 784]
Event: 14.033 Thread 0x0000018653fd4f20 Exception <a 'java/lang/NoSuchMethodError'{0x00000000836578d0}: 'java.lang.Object java.lang.invoke.Invokers$Holder.linkToTargetMethod(java.lang.Object, java.lang.Object, java.lang.Object, int, java.lang.Object, java.lang.Object)'> (0x00000000836578d0) 
thrown [s\src\hotspot\share\interpreter\linkResolver.cpp, line 784]
Event: 14.166 Thread 0x0000018653fd4f20 Exception <a 'java/lang/NoSuchMethodError'{0x0000000083111d40}: 'java.lang.Object java.lang.invoke.DirectMethodHandle$Holder.invokeSpecialIFC(java.lang.Object, java.lang.Object, java.lang.Object)'> (0x0000000083111d40) 
thrown [s\src\hotspot\share\interpreter\linkResolver.cpp, line 784]

ZGC Phase Switch (0 events):
No events

VM Operations (20 events):
Event: 12.244 Executing VM operation: G1TryInitiateConcMark (G1 Humongous Allocation)
Event: 12.249 Executing VM operation: G1TryInitiateConcMark (G1 Humongous Allocation) done
Event: 12.293 Executing VM operation: G1PauseRemark
Event: 12.297 Executing VM operation: G1PauseRemark done
Event: 12.325 Executing VM operation: G1PauseCleanup
Event: 12.325 Executing VM operation: G1PauseCleanup done
Event: 12.764 Executing VM operation: HandshakeAllThreads (Deoptimize)
Event: 12.764 Executing VM operation: HandshakeAllThreads (Deoptimize) done
Event: 13.216 Executing VM operation: G1CollectForAllocation (G1 Evacuation Pause)
Event: 13.222 Executing VM operation: G1CollectForAllocation (G1 Evacuation Pause) done
Event: 13.493 Executing VM operation: HandshakeAllThreads (Deoptimize)
Event: 13.494 Executing VM operation: HandshakeAllThreads (Deoptimize) done
Event: 13.574 Executing VM operation: HandshakeAllThreads (Deoptimize)
Event: 13.574 Executing VM operation: HandshakeAllThreads (Deoptimize) done
Event: 13.753 Executing VM operation: G1CollectForAllocation (G1 Evacuation Pause)
Event: 13.759 Executing VM operation: G1CollectForAllocation (G1 Evacuation Pause) done
Event: 13.886 Executing VM operation: HandshakeAllThreads (Deoptimize)
Event: 13.886 Executing VM operation: HandshakeAllThreads (Deoptimize) done
Event: 14.008 Executing VM operation: HandshakeAllThreads (Deoptimize)
Event: 14.009 Executing VM operation: HandshakeAllThreads (Deoptimize) done

Memory protections (0 events):
No events

Nmethod flushes (20 events):
Event: 12.296 Thread 0x000001864dc169f0 flushing  nmethod 0x0000018639867110
Event: 12.296 Thread 0x000001864dc169f0 flushing  nmethod 0x0000018639867b10
Event: 12.296 Thread 0x000001864dc169f0 flushing  nmethod 0x00000186398c0a90
Event: 12.296 Thread 0x000001864dc169f0 flushing  nmethod 0x00000186399c2890
Event: 12.296 Thread 0x000001864dc169f0 flushing  nmethod 0x00000186399c3590
Event: 12.296 Thread 0x000001864dc169f0 flushing  nmethod 0x0000018639a00f90
Event: 12.296 Thread 0x000001864dc169f0 flushing  nmethod 0x0000018639a04090
Event: 12.296 Thread 0x000001864dc169f0 flushing  nmethod 0x0000018639a05410
Event: 12.296 Thread 0x000001864dc169f0 flushing  nmethod 0x0000018639a05990
Event: 12.296 Thread 0x000001864dc169f0 flushing  nmethod 0x0000018639a06190
Event: 12.296 Thread 0x000001864dc169f0 flushing  nmethod 0x0000018639a29f10
Event: 12.296 Thread 0x000001864dc169f0 flushing  nmethod 0x0000018639a2a990
Event: 12.296 Thread 0x000001864dc169f0 flushing  nmethod 0x0000018639a2b290
Event: 12.296 Thread 0x000001864dc169f0 flushing  nmethod 0x0000018639a30d10
Event: 12.296 Thread 0x000001864dc169f0 flushing  nmethod 0x0000018639a31090
Event: 12.296 Thread 0x000001864dc169f0 flushing  nmethod 0x0000018639a88890
Event: 12.296 Thread 0x000001864dc169f0 flushing  nmethod 0x0000018639a89e10
Event: 12.296 Thread 0x000001864dc169f0 flushing  nmethod 0x0000018639a8d590
Event: 12.296 Thread 0x000001864dc169f0 flushing  nmethod 0x0000018639cac690
Event: 12.296 Thread 0x000001864dc169f0 flushing  nmethod 0x0000018639cb0a10

Events (20 events):
Event: 10.750 Thread 0x0000018653fd4f20 Thread added: 0x00000186540be080
Event: 10.804 Thread 0x0000018653fd4f20 Thread added: 0x00000186540b7e10
Event: 12.080 Thread 0x0000018653fd4f20 Thread added: 0x00000186540b8b30
Event: 12.115 Thread 0x0000018653fd4f20 Thread added: 0x00000186540bd9f0
Event: 12.369 Thread 0x0000018655c33840 Thread exited: 0x0000018655c33840
Event: 12.369 Thread 0x00000186540fa890 Thread exited: 0x00000186540fa890
Event: 12.425 Thread 0x0000018653fd4f20 Thread added: 0x00000186540b7780
Event: 12.435 Thread 0x0000018652079870 Thread added: 0x0000018656d53cd0
Event: 13.100 Thread 0x0000018653fd4f20 Thread added: 0x00000186540b9850
Event: 13.229 Thread 0x0000018653fd4f20 Thread added: 0x00000186540b70f0
Event: 14.088 Thread 0x0000018653fd4f20 Thread added: 0x00000186540b84a0
Event: 14.091 Thread 0x0000018653fd4f20 Thread added: 0x00000186540b91c0
Event: 14.093 Thread 0x0000018653fd4f20 Thread added: 0x00000186540b9ee0
Event: 14.095 Thread 0x0000018653fd4f20 Thread added: 0x00000186540bb920
Event: 14.098 Thread 0x0000018653fd4f20 Thread added: 0x00000186540bac00
Event: 14.167 Thread 0x0000018653fd4f20 Thread added: 0x00000186540bbfb0
Event: 14.169 Thread 0x0000018653fd4f20 Thread added: 0x00000186540bb290
Event: 14.170 Thread 0x0000018653fd4f20 Thread added: 0x00000186540bc640
Event: 14.171 Thread 0x0000018653fd4f20 Thread added: 0x0000018655496cc0
Event: 14.172 Thread 0x0000018653fd4f20 Thread added: 0x0000018655495fa0


Dynamic libraries:
0x00007ff793f70000 - 0x00007ff793f7a000 	C:\Program Files\Android\Android Studio\jbr\bin\java.exe
0x00007ffde4990000 - 0x00007ffde4b88000 	C:\Windows\SYSTEM32\ntdll.dll
0x00007ffde3150000 - 0x00007ffde3212000 	C:\Windows\System32\KERNEL32.DLL
0x00007ffde22b0000 - 0x00007ffde25a6000 	C:\Windows\System32\KERNELBASE.dll
0x00007ffde2120000 - 0x00007ffde2220000 	C:\Windows\System32\ucrtbase.dll
0x00007ffdd1b10000 - 0x00007ffdd1b28000 	C:\Program Files\Android\Android Studio\jbr\bin\jli.dll
0x00007ffdc97e0000 - 0x00007ffdc97fb000 	C:\Program Files\Android\Android Studio\jbr\bin\VCRUNTIME140.dll
0x00007ffde3410000 - 0x00007ffde35b1000 	C:\Windows\System32\USER32.dll
0x00007ffde20f0000 - 0x00007ffde2112000 	C:\Windows\System32\win32u.dll
0x00007ffdca560000 - 0x00007ffdca7fb000 	C:\Windows\WinSxS\amd64_microsoft.windows.common-controls_6595b64144ccf1df_6.0.19041.6456_none_60b8a6cb71f64256\COMCTL32.dll
0x00007ffde4920000 - 0x00007ffde494b000 	C:\Windows\System32\GDI32.dll
0x00007ffde3f50000 - 0x00007ffde3fee000 	C:\Windows\System32\msvcrt.dll
0x00007ffde2730000 - 0x00007ffde2849000 	C:\Windows\System32\gdi32full.dll
0x00007ffde25e0000 - 0x00007ffde267d000 	C:\Windows\System32\msvcp_win.dll
0x00007ffde29b0000 - 0x00007ffde29df000 	C:\Windows\System32\IMM32.DLL
0x00007ffdc7ac0000 - 0x00007ffdc7acc000 	C:\Program Files\Android\Android Studio\jbr\bin\vcruntime140_1.dll
0x00007ffda26d0000 - 0x00007ffda275d000 	C:\Program Files\Android\Android Studio\jbr\bin\msvcp140.dll
0x00007ffd9c990000 - 0x00007ffd9d61e000 	C:\Program Files\Android\Android Studio\jbr\bin\server\jvm.dll
0x00007ffde32d0000 - 0x00007ffde3381000 	C:\Windows\System32\ADVAPI32.dll
0x00007ffde2a70000 - 0x00007ffde2b0f000 	C:\Windows\System32\sechost.dll
0x00007ffde3da0000 - 0x00007ffde3ec0000 	C:\Windows\System32\RPCRT4.dll
0x00007ffde25b0000 - 0x00007ffde25d7000 	C:\Windows\System32\bcrypt.dll
0x00007ffde3d30000 - 0x00007ffde3d9b000 	C:\Windows\System32\WS2_32.dll
0x00007ffde1560000 - 0x00007ffde15ab000 	C:\Windows\SYSTEM32\POWRPROF.dll
0x00007ffdc8c00000 - 0x00007ffdc8c27000 	C:\Windows\SYSTEM32\WINMM.dll
0x00007ffddb680000 - 0x00007ffddb68a000 	C:\Windows\SYSTEM32\VERSION.dll
0x00007ffde1420000 - 0x00007ffde1432000 	C:\Windows\SYSTEM32\UMPDC.dll
0x00007ffddfe70000 - 0x00007ffddfe82000 	C:\Windows\SYSTEM32\kernel.appcore.dll
0x00007ffdc7ab0000 - 0x00007ffdc7aba000 	C:\Program Files\Android\Android Studio\jbr\bin\jimage.dll
0x00007ffdd86e0000 - 0x00007ffdd88e1000 	C:\Windows\SYSTEM32\DBGHELP.DLL
0x00007ffdc9830000 - 0x00007ffdc9864000 	C:\Windows\SYSTEM32\dbgcore.DLL
0x00007ffde2220000 - 0x00007ffde22a2000 	C:\Windows\System32\bcryptPrimitives.dll
0x00007ffdc5fc0000 - 0x00007ffdc5fce000 	C:\Program Files\Android\Android Studio\jbr\bin\instrument.dll
0x00007ffdb5620000 - 0x00007ffdb5640000 	C:\Program Files\Android\Android Studio\jbr\bin\java.dll
0x00007ffda6be0000 - 0x00007ffda6bf8000 	C:\Program Files\Android\Android Studio\jbr\bin\zip.dll
0x00007ffde35c0000 - 0x00007ffde3d30000 	C:\Windows\System32\SHELL32.dll
0x00007ffde0090000 - 0x00007ffde0835000 	C:\Windows\SYSTEM32\windows.storage.dll
0x00007ffde2b10000 - 0x00007ffde2e64000 	C:\Windows\System32\combase.dll
0x00007ffde1a50000 - 0x00007ffde1a7b000 	C:\Windows\SYSTEM32\Wldp.dll
0x00007ffde2fd0000 - 0x00007ffde309d000 	C:\Windows\System32\OLEAUT32.dll
0x00007ffde3220000 - 0x00007ffde32cd000 	C:\Windows\System32\SHCORE.dll
0x00007ffde4450000 - 0x00007ffde44ab000 	C:\Windows\System32\shlwapi.dll
0x00007ffde1f50000 - 0x00007ffde1f74000 	C:\Windows\SYSTEM32\profapi.dll
0x00007ffdba9b0000 - 0x00007ffdba9c0000 	C:\Program Files\Android\Android Studio\jbr\bin\net.dll
0x00007ffddd310000 - 0x00007ffddd41a000 	C:\Windows\SYSTEM32\WINHTTP.dll
0x00007ffde17b0000 - 0x00007ffde181a000 	C:\Windows\system32\mswsock.dll
0x00007ffda67d0000 - 0x00007ffda67e6000 	C:\Program Files\Android\Android Studio\jbr\bin\nio.dll
0x00007ffdb4ad0000 - 0x00007ffdb4ae0000 	C:\Program Files\Android\Android Studio\jbr\bin\verify.dll
0x00007ffdc9800000 - 0x00007ffdc9827000 	C:\Users\User7118\.gradle\native\1def1411415f61bf3af743bc5b6707747c0891f09f0c88961ee8f79bc544acac\windows-amd64\native-platform.dll
0x00007ffda2650000 - 0x00007ffda26c8000 	C:\Users\User7118\.gradle\native\0.2.7\x86_64-windows-gnu\gradle-fileevents.dll
0x00007ffdadf70000 - 0x00007ffdadf79000 	C:\Program Files\Android\Android Studio\jbr\bin\management.dll
0x00007ffda8610000 - 0x00007ffda861b000 	C:\Program Files\Android\Android Studio\jbr\bin\management_ext.dll
0x00007ffde3ec0000 - 0x00007ffde3ec8000 	C:\Windows\System32\PSAPI.DLL
0x00007ffde1440000 - 0x00007ffde147b000 	C:\Windows\SYSTEM32\IPHLPAPI.DLL
0x00007ffde33a0000 - 0x00007ffde33a8000 	C:\Windows\System32\NSI.dll
0x00007ffda6bd0000 - 0x00007ffda6bd9000 	C:\Program Files\Android\Android Studio\jbr\bin\extnet.dll
0x00007ffde19a0000 - 0x00007ffde19b8000 	C:\Windows\SYSTEM32\CRYPTSP.dll
0x00007ffde1060000 - 0x00007ffde1098000 	C:\Windows\system32\rsaenh.dll
0x00007ffde1f10000 - 0x00007ffde1f3e000 	C:\Windows\SYSTEM32\USERENV.dll
0x00007ffde19c0000 - 0x00007ffde19cc000 	C:\Windows\SYSTEM32\CRYPTBASE.dll
0x00007ffd54b30000 - 0x00007ffd54b37000 	C:\Windows\system32\wshunix.dll

dbghelp: loaded successfully - version: 4.0.5 - missing functions: none
symbol engine: initialized successfully - sym options: 0x614 - pdb path: .;C:\Program Files\Android\Android Studio\jbr\bin;C:\Windows\SYSTEM32;C:\Windows\WinSxS\amd64_microsoft.windows.common-controls_6595b64144ccf1df_6.0.19041.6456_none_60b8a6cb71f64256;C:\Program Files\Android\Android Studio\jbr\bin\server;C:\Users\User7118\.gradle\native\1def1411415f61bf3af743bc5b6707747c0891f09f0c88961ee8f79bc544acac\windows-amd64;C:\Users\User7118\.gradle\native\0.2.7\x86_64-windows-gnu

VM Arguments:
jvm_args: --add-opens=java.base/java.lang=ALL-UNNAMED --add-opens=java.base/java.lang.invoke=ALL-UNNAMED --add-opens=java.base/java.util=ALL-UNNAMED --add-opens=java.prefs/java.util.prefs=ALL-UNNAMED --add-exports=jdk.compiler/com.sun.tools.javac.api=ALL-UNNAMED --add-exports=jdk.compiler/com.sun.tools.javac.util=ALL-UNNAMED --add-opens=java.base/java.util=ALL-UNNAMED --add-opens=java.prefs/java.util.prefs=ALL-UNNAMED --add-opens=java.base/java.nio.charset=ALL-UNNAMED --add-opens=java.base/java.net=ALL-UNNAMED --add-opens=java.base/java.util.concurrent.atomic=ALL-UNNAMED --add-opens=java.xml/javax.xml.namespace=ALL-UNNAMED -Xmx2048m -Dfile.encoding=UTF-8 -Duser.country=RU -Duser.language=ru -Duser.variant -javaagent:C:\Users\User7118\.gradle\wrapper\dists\gradle-8.14.3-bin\cv11ve7ro1n3o1j4so8xd9n66\gradle-8.14.3\lib\agents\gradle-instrumentation-agent-8.14.3.jar 
java_command: org.gradle.launcher.daemon.bootstrap.GradleDaemon 8.14.3
java_class_path (initial): C:\Users\User7118\.gradle\wrapper\dists\gradle-8.14.3-bin\cv11ve7ro1n3o1j4so8xd9n66\gradle-8.14.3\lib\gradle-daemon-main-8.14.3.jar
Launcher Type: SUN_STANDARD

[Global flags]
     intx CICompilerCount                          = 4                                         {product} {ergonomic}
     uint ConcGCThreads                            = 2                                         {product} {ergonomic}
     uint G1ConcRefinementThreads                  = 8                                         {product} {ergonomic}
   size_t G1HeapRegionSize                         = 1048576                                   {product} {ergonomic}
    uintx GCDrainStackTargetSize                   = 64                                        {product} {ergonomic}
   size_t InitialHeapSize                          = 132120576                                 {product} {ergonomic}
   size_t MarkStackSize                            = 4194304                                   {product} {ergonomic}
   size_t MaxHeapSize                              = 2147483648                                {product} {command line}
   size_t MaxNewSize                               = 1287651328                                {product} {ergonomic}
   size_t MinHeapDeltaBytes                        = 1048576                                   {product} {ergonomic}
   size_t MinHeapSize                              = 8388608                                   {product} {ergonomic}
    uintx NonNMethodCodeHeapSize                   = 5839372                                {pd product} {ergonomic}
    uintx NonProfiledCodeHeapSize                  = 122909434                              {pd product} {ergonomic}
    uintx ProfiledCodeHeapSize                     = 122909434                              {pd product} {ergonomic}
    uintx ReservedCodeCacheSize                    = 251658240                              {pd product} {ergonomic}
     bool SegmentedCodeCache                       = true                                      {product} {ergonomic}
   size_t SoftMaxHeapSize                          = 2147483648                             {manageable} {ergonomic}
     bool UseCompressedOops                        = true                           {product lp64_product} {ergonomic}
     bool UseG1GC                                  = true                                      {product} {ergonomic}
     bool UseLargePagesIndividualAllocation        = false                                  {pd product} {ergonomic}

Logging:
Log output configuration:
 #0: stdout all=warning uptime,level,tags foldmultilines=false
 #1: stderr all=off uptime,level,tags foldmultilines=false

Environment Variables:
PATH=C:\Program Files\Common Files\Oracle\Java\javapath;C:\Windows\system32;C:\Windows;C:\Windows\System32\Wbem;C:\Windows\System32\WindowsPowerShell\v1.0\;C:\Windows\System32\OpenSSH\;C:\Program Files (x86)\dotnet\;D:\Program Files\Git\cmd;C:\Users\User7118\AppData\Local\Programs\Python\Launcher\;C:\Users\User7118\AppData\Local\Microsoft\WindowsApps;C:\Users\User7118\AppData\Local\atom\bin;D:\Users\User7118\AppData\Local\Programs\Microsoft VS Code\bin;D:\Program Files\cursor\resources\app\bin;D:\Program Files\JetBrains\WebStorm 2024.3.5\bin;C:\Users\User7118\AppData\Local\JetBrains\Toolbox\scripts
USERNAME=User7118
OS=Windows_NT
PROCESSOR_IDENTIFIER=Intel64 Family 6 Model 142 Stepping 12, GenuineIntel
TMP=C:\Users\User7118\AppData\Local\Temp
TEMP=C:\Users\User7118\AppData\Local\Temp




Periodic native trim disabled

JNI global refs:
JNI global refs: 27, weak refs: 2

JNI global refs memory usage: 835, weak refs: 833

Process memory usage:
Resident Set Size: 274352K (3% of 8167484K total physical memory with 292376K free physical memory)

OOME stack traces (most recent first):
Classloader memory used:
Loader org.gradle.internal.classloader.VisitableURLClassLoader                         : 26555K
Loader bootstrap                                                                       : 21999K
Loader org.gradle.initialization.MixInLegacyTypesClassLoader                           : 6265K
Loader jdk.internal.loader.ClassLoaders$PlatformClassLoader                            : 533K
Loader jdk.internal.loader.ClassLoaders$AppClassLoader                                 : 235K
Loader org.gradle.groovy.scripts.internal.DefaultScriptCompilationHandler$ScriptClassLoader: 50456B
Loader jdk.internal.reflect.DelegatingClassLoader                                      : 10296B
Loader org.codehaus.groovy.runtime.callsite.CallSiteClassLoader                        : 7200B
Loader org.gradle.internal.classloader.VisitableURLClassLoader$InstrumentingVisitableURLClassLoader: 7072B

Classes loaded by more than one classloader:
Class org.gradle.internal.classloader.FilteringClassLoader                            : loaded 2 times (x 103B)
Class org.gradle.internal.classloader.ClassLoaderHierarchy                            : loaded 2 times (x 68B)
Class org.gradle.api.internal.classpath.ManifestUtil                                  : loaded 2 times (x 69B)
Class org.gradle.internal.classloader.DefaultClassLoaderFactory                       : loaded 2 times (x 80B)
Class org.gradle.internal.classloader.ClassLoaderVisitor                              : loaded 2 times (x 74B)
Class org.gradle.api.internal.classpath.EffectiveClassPath                            : loaded 2 times (x 88B)
Class org.gradle.api.internal.DefaultClassPathProvider                                : loaded 2 times (x 74B)
Class [Lorg.gradle.api.internal.ClassPathProvider;                                    : loaded 2 times (x 67B)
Class org.gradle.api.internal.ClassPathProvider                                       : loaded 2 times (x 68B)
Class org.gradle.internal.service.UnknownServiceException                             : loaded 2 times (x 81B)
Class org.gradle.internal.classpath.TransformedClassPath                              : loaded 2 times (x 94B)
Class org.gradle.internal.classloader.InstrumentingClassLoader                        : loaded 2 times (x 68B)
Class org.gradle.internal.service.ServiceLocator                                      : loaded 2 times (x 68B)
Class org.gradle.internal.InternalTransformer                                         : loaded 2 times (x 68B)
Class org.gradle.internal.classloader.ClasspathUtil$1                                 : loaded 2 times (x 74B)
Class org.gradle.api.internal.classpath.DefaultModuleRegistry$DefaultModule           : loaded 2 times (x 84B)
Class org.gradle.api.internal.classpath.Module                                        : loaded 2 times (x 68B)
Class org.gradle.api.internal.classpath.UnknownModuleException                        : loaded 2 times (x 80B)
Class org.gradle.api.internal.DefaultClassPathRegistry                                : loaded 2 times (x 74B)
Class org.gradle.api.internal.ClassPathRegistry                                       : loaded 2 times (x 68B)
Class org.gradle.internal.classpath.DefaultClassPath$ImmutableUniqueList              : loaded 2 times (x 197B)
Class org.gradle.internal.classpath.ClassPath                                         : loaded 2 times (x 68B)
Class org.gradle.api.UncheckedIOException                                             : loaded 2 times (x 80B)
Class ijJvmDebugger1_3zcwjuhvp93x9yo6gyrkmd0kx                                        : loaded 2 times (x 177B)
Class org.gradle.internal.installation.GradleInstallation$1                           : loaded 2 times (x 73B)
Class org.gradle.api.internal.classpath.ModuleRegistry                                : loaded 2 times (x 68B)
Class ijJvmDebugger1_3zcwjuhvp93x9yo6gyrkmd0kx$_run_closure1                          : loaded 2 times (x 137B)
Class org.gradle.api.internal.classpath.DefaultModuleRegistry                         : loaded 2 times (x 84B)
Class org.gradle.internal.service.ServiceLookupException                              : loaded 2 times (x 80B)
Class org.gradle.internal.classloader.ClassLoaderFactory                              : loaded 2 times (x 68B)
Class org.gradle.internal.service.CachingServiceLocator                               : loaded 2 times (x 80B)
Class org.gradle.internal.classloader.ClasspathUtil                                   : loaded 2 times (x 69B)
Class org.gradle.api.specs.Spec                                                       : loaded 2 times (x 68B)
Class org.gradle.internal.classloader.VisitableURLClassLoader$InstrumentingVisitableURLClassLoader: loaded 2 times (x 121B)
Class org.gradle.internal.classloader.VisitableURLClassLoader$Spec                    : loaded 2 times (x 72B)
Class org.gradle.internal.classpath.DefaultClassPath                                  : loaded 2 times (x 88B)
Class org.gradle.internal.classloader.ClassLoaderSpec                                 : loaded 2 times (x 69B)
Class org.gradle.internal.classloader.VisitableURLClassLoader                         : loaded 2 times (x 115B)
Class org.gradle.internal.Cast                                                        : loaded 2 times (x 69B)
Class org.gradle.api.Action                                                           : loaded 2 times (x 68B)
Class org.gradle.internal.classpath.DefaultClassPath$ImmutableUniqueList$Builder      : loaded 2 times (x 73B)
Class org.gradle.api.GradleException                                                  : loaded 2 times (x 80B)
Class org.gradle.internal.IoActions                                                   : loaded 2 times (x 69B)
Class org.gradle.internal.classloader.SystemClassLoaderSpec                           : loaded 2 times (x 69B)
Class org.gradle.api.internal.classpath.GlobalCacheRootsProvider                      : loaded 2 times (x 68B)
Class org.gradle.internal.installation.CurrentGradleInstallationLocator               : loaded 2 times (x 69B)
Class org.gradle.internal.service.DefaultServiceLocator                               : loaded 2 times (x 81B)
Class org.gradle.internal.installation.CurrentGradleInstallation                      : loaded 2 times (x 71B)
Class org.gradle.util.internal.GUtil                                                  : loaded 2 times (x 69B)
Class org.gradle.internal.installation.GradleInstallation                             : loaded 2 times (x 73B)

---------------  S Y S T E M  ---------------

OS:
 Windows 10 , 64 bit Build 19041 (10.0.19041.5915)
OS uptime: 0 days 0:04 hours

CPU: total 8 (initial active 8) (4 cores per cpu, 2 threads per core) family 6 model 142 stepping 12 microcode 0xf0, cx8, cmov, fxsr, ht, mmx, 3dnowpref, sse, sse2, sse3, ssse3, sse4.1, sse4.2, popcnt, lzcnt, tsc, tscinvbit, avx, avx2, aes, erms, clmul, bmi1, bmi2, adx, fma, vzeroupper, clflush, clflushopt, rdtscp, f16c
Processor Information for the first 8 processors :
  Max Mhz: 2304, Current Mhz: 1803, Mhz Limit: 1797

Memory: 4k page, system-wide physical 7976M (285M free)
TotalPageFile size 7976M (AvailPageFile size 4M)
current process WorkingSet (physical memory assigned to process): 268M, peak: 268M
current process commit charge ("private bytes"): 305M, peak: 307M

vm_info: OpenJDK 64-Bit Server VM (21.0.7+-13880790-b1038.58) for windows-amd64 JRE (21.0.7+-13880790-b1038.58), built on 2025-08-04T20:56:21Z by "builder" with MS VC++ 16.10 / 16.11 (VS2019)

END.
